2022/08/08 14:46:07 [emerg] 1#1: getpwnam("www") failed in /etc/nginx/nginx.conf:2
2022/08/08 14:50:27 [emerg] 1#1: getpwnam("www") failed in /etc/nginx/nginx.conf:2
2022/08/08 14:51:05 [emerg] 1#1: getpwnam("www") failed in /etc/nginx/nginx.conf:2
2022/08/08 14:52:46 [emerg] 1#1: invalid number of arguments in "client_max_body_size" directive in /etc/nginx/nginx.conf:41
2022/08/08 14:53:36 [emerg] 1#1: invalid number of arguments in "gzip_min_length" directive in /etc/nginx/nginx.conf:59
2022/08/08 14:54:22 [emerg] 1#1: host not found in upstream "edusoho" in /etc/nginx/nginx.conf:94
2022/08/08 14:59:01 [emerg] 1#1: host not found in upstream "edusoho" in /etc/nginx/nginx.conf:94
2022/08/10 02:10:17 [emerg] 1#1: host not found in upstream "edusoho" in /etc/nginx/nginx.conf:94
2022/08/10 02:14:58 [emerg] 1#1: host not found in upstream "edusoho" in /etc/nginx/nginx.conf:94
2022/08/10 02:17:43 [emerg] 1#1: host not found in upstream "edusoho" in /etc/nginx/nginx.conf:94
2022/08/10 02:26:41 [emerg] 1#1: host not found in upstream "edusoho" in /etc/nginx/nginx.conf:94
2022/08/10 02:29:35 [emerg] 1#1: host not found in upstream "edusoho" in /etc/nginx/nginx.conf:94
2022/08/10 02:29:42 [emerg] 1#1: host not found in upstream "edusoho" in /etc/nginx/nginx.conf:94
2022/09/30 10:02:24 [emerg] 1#1: host not found in upstream "edusoho" in /etc/nginx/nginx.conf:89
2022/09/30 10:09:05 [emerg] 1#1: host not found in upstream "edusoho" in /etc/nginx/nginx.conf:89
2022/09/30 10:10:26 [emerg] 1#1: host not found in upstream "edusoho" in /etc/nginx/nginx.conf:89
2022/09/30 10:10:55 [emerg] 1#1: host not found in upstream "edusoho" in /etc/nginx/nginx.conf:89
2022/09/30 10:11:48 [emerg] 1#1: host not found in upstream "edusoho" in /etc/nginx/nginx.conf:89
2022/10/01 02:45:05 [error] 34#34: *1 open() "/var/www/html/favicon.ico" failed (2: No such file or directory), client: 172.19.0.1, server: , request: "GET /favicon.ico HTTP/1.1", host: "localhost:8181", referrer: "http://localhost:8181/phpinfo.php"
2022/10/01 02:45:14 [error] 32#32: *4 open() "/var/www/html/favicon.ico" failed (2: No such file or directory), client: 172.19.0.1, server: , request: "GET /favicon.ico HTTP/1.1", host: "localhost:8180", referrer: "http://localhost:8180/phpinfo.php"
